# JRE version: Java(TM) SE Runtime Environment (8.0_60-b27) (build 1.8.0_60-b27)
# Java VM: Java HotSpot(TM) 64-Bit Server VM (25.60-b23 mixed mode bsd-amd64 compressed oops)
Heap:
 PSYoungGen      total 1700352K, used 903420K [0x00000006c0000000, 0x000000077cb00000, 0x00000007c0000000)
  eden space 479232K, 0% used [0x00000006c0000000,0x00000006c0000000,0x00000006dd400000)
  from space 1221120K, 73% used [0x00000006dd400000,0x000000071463f060,0x0000000727c80000)
  to   space 1277952K, 0% used [0x000000072eb00000,0x000000072eb00000,0x000000077cb00000)
 ParOldGen       total 2056704K, used 2030718K [0x00000004c0000000, 0x000000053d880000, 0x00000006c0000000)
  object space 2056704K, 98% used [0x00000004c0000000,0x000000053bf1fb10,0x000000053d880000)
 Metaspace       used 60092K, capacity 61186K, committed 61312K, reserved 1105920K
  class space    used 5426K, capacity 5717K, committed 5760K, reserved 1048576K
GC Heap History (10 events):
Event: 249.464 GC heap after
Heap after GC invocations=230 (full 15):
 PSYoungGen      total 1394176K, used 802981K [0x00000006c0000000, 0x0000000758a80000, 0x00000007c0000000)
  eden space 547840K, 0% used [0x00000006c0000000,0x00000006c0000000,0x00000006e1700000)
  from space 846336K, 94% used [0x00000006e1700000,0x0000000712729790,0x0000000715180000)
  to   space 946176K, 0% used [0x000000071ee80000,0x000000071ee80000,0x0000000758a80000)
 ParOldGen       total 2056704K, used 1836357K [0x00000004c0000000, 0x000000053d880000, 0x00000006c0000000)
  object space 2056704K, 89% used [0x00000004c0000000,0x0000000530151640,0x000000053d880000)
 Metaspace       used 59120K, capacity 60258K, committed 60544K, reserved 1103872K
  class space    used 5374K, capacity 5685K, committed 5760K, reserved 1048576K
}
Event: 249.994 GC heap before
{Heap before GC invocations=231 (full 15):
 PSYoungGen      total 1394176K, used 1350821K [0x00000006c0000000, 0x0000000758a80000, 0x00000007c0000000)
  eden space 547840K, 100% used [0x00000006c0000000,0x00000006e1700000,0x00000006e1700000)
  from space 846336K, 94% used [0x00000006e1700000,0x0000000712729790,0x0000000715180000)
  to   space 946176K, 0% used [0x000000071ee80000,0x000000071ee80000,0x0000000758a80000)
 ParOldGen       total 2056704K, used 1836357K [0x00000004c0000000, 0x000000053d880000, 0x00000006c0000000)
  object space 2056704K, 89% used [0x00000004c0000000,0x0000000530151640,0x000000053d880000)
 Metaspace       used 59120K, capacity 60258K, committed 60544K, reserved 1103872K
  class space    used 5374K, capacity 5685K, committed 5760K, reserved 1048576K
Event: 250.329 GC heap after
Heap after GC invocations=231 (full 15):
 PSYoungGen      total 1453056K, used 862981K [0x00000006c0000000, 0x0000000765480000, 0x00000007c0000000)
  eden space 506880K, 0% used [0x00000006c0000000,0x00000006c0000000,0x00000006def00000)
  from space 946176K, 91% used [0x000000071ee80000,0x0000000753941750,0x0000000758a80000)
  to   space 1048064K, 0% used [0x00000006def00000,0x00000006def00000,0x000000071ee80000)
 ParOldGen       total 2056704K, used 1856518K [0x00000004c0000000, 0x000000053d880000, 0x00000006c0000000)
  object space 2056704K, 90% used [0x00000004c0000000,0x00000005315019a0,0x000000053d880000)
 Metaspace       used 59120K, capacity 60258K, committed 60544K, reserved 1103872K
  class space    used 5374K, capacity 5685K, committed 5760K, reserved 1048576K
}
Event: 264.900 GC heap before
{Heap before GC invocations=232 (full 15):
 PSYoungGen      total 1453056K, used 1369861K [0x00000006c0000000, 0x0000000765480000, 0x00000007c0000000)
  eden space 506880K, 100% used [0x00000006c0000000,0x00000006def00000,0x00000006def00000)
  from space 946176K, 91% used [0x000000071ee80000,0x0000000753941750,0x0000000758a80000)
  to   space 1048064K, 0% used [0x00000006def00000,0x00000006def00000,0x000000071ee80000)
 ParOldGen       total 2056704K, used 1856518K [0x00000004c0000000, 0x000000053d880000, 0x00000006c0000000)
  object space 2056704K, 90% used [0x00000004c0000000,0x00000005315019a0,0x000000053d880000)
 Metaspace       used 60089K, capacity 61186K, committed 61312K, reserved 1105920K
  class space    used 5426K, capacity 5717K, committed 5760K, reserved 1048576K
Event: 265.242 GC heap after
Heap after GC invocations=232 (full 15):
 PSYoungGen      total 1554944K, used 898055K [0x00000006c0000000, 0x000000076d700000, 0x00000007c0000000)
  eden space 506880K, 0% used [0x00000006c0000000,0x00000006c0000000,0x00000006def00000)
  from space 1048064K, 85% used [0x00000006def00000,0x0000000715c01c80,0x000000071ee80000)
  to   space 1141248K, 0% used [0x0000000727c80000,0x0000000727c80000,0x000000076d700000)
 ParOldGen       total 2056704K, used 1886817K [0x00000004c0000000, 0x000000053d880000, 0x00000006c0000000)
  object space 2056704K, 91% used [0x00000004c0000000,0x00000005332985f8,0x000000053d880000)
 Metaspace       used 60089K, capacity 61186K, committed 61312K, reserved 1105920K
  class space    used 5426K, capacity 5717K, committed 5760K, reserved 1048576K
}
Event: 266.010 GC heap before
{Heap before GC invocations=233 (full 15):
 PSYoungGen      total 1554944K, used 1404935K [0x00000006c0000000, 0x000000076d700000, 0x00000007c0000000)
  eden space 506880K, 100% used [0x00000006c0000000,0x00000006def00000,0x00000006def00000)
  from space 1048064K, 85% used [0x00000006def00000,0x0000000715c01c80,0x000000071ee80000)
  to   space 1141248K, 0% used [0x0000000727c80000,0x0000000727c80000,0x000000076d700000)
 ParOldGen       total 2056704K, used 1886817K [0x00000004c0000000, 0x000000053d880000, 0x00000006c0000000)
  object space 2056704K, 91% used [0x00000004c0000000,0x00000005332985f8,0x000000053d880000)
 Metaspace       used 60091K, capacity 61186K, committed 61312K, reserved 1105920K
  class space    used 5426K, capacity 5717K, committed 5760K, reserved 1048576K
Event: 266.408 GC heap after
Heap after GC invocations=233 (full 15):
 PSYoungGen      total 1620480K, used 914873K [0x00000006c0000000, 0x0000000777600000, 0x00000007c0000000)
  eden space 479232K, 0% used [0x00000006c0000000,0x00000006c0000000,0x00000006dd400000)
  from space 1141248K, 80% used [0x0000000727c80000,0x000000075f9ee728,0x000000076d700000)
  to   space 1221120K, 0% used [0x00000006dd400000,0x00000006dd400000,0x0000000727c80000)
 ParOldGen       total 2056704K, used 1943745K [0x00000004c0000000, 0x000000053d880000, 0x00000006c0000000)
  object space 2056704K, 94% used [0x00000004c0000000,0x0000000536a305f8,0x000000053d880000)
 Metaspace       used 60091K, capacity 61186K, committed 61312K, reserved 1105920K
  class space    used 5426K, capacity 5717K, committed 5760K, reserved 1048576K
}
Event: 266.826 GC heap before
{Heap before GC invocations=234 (full 15):
 PSYoungGen      total 1620480K, used 1394105K [0x00000006c0000000, 0x0000000777600000, 0x00000007c0000000)
  eden space 479232K, 100% used [0x00000006c0000000,0x00000006dd400000,0x00000006dd400000)
  from space 1141248K, 80% used [0x0000000727c80000,0x000000075f9ee728,0x000000076d700000)
  to   space 1221120K, 0% used [0x00000006dd400000,0x00000006dd400000,0x0000000727c80000)
 ParOldGen       total 2056704K, used 1943745K [0x00000004c0000000, 0x000000053d880000, 0x00000006c0000000)
  object space 2056704K, 94% used [0x00000004c0000000,0x0000000536a305f8,0x000000053d880000)
 Metaspace       used 60092K, capacity 61186K, committed 61312K, reserved 1105920K
  class space    used 5426K, capacity 5717K, committed 5760K, reserved 1048576K
Event: 267.136 GC heap after
Heap after GC invocations=234 (full 15):
 PSYoungGen      total 1700352K, used 903420K [0x00000006c0000000, 0x000000077cb00000, 0x00000007c0000000)
  eden space 479232K, 0% used [0x00000006c0000000,0x00000006c0000000,0x00000006dd400000)
  from space 1221120K, 73% used [0x00000006dd400000,0x000000071463f060,0x0000000727c80000)
  to   space 1277952K, 0% used [0x000000072eb00000,0x000000072eb00000,0x000000077cb00000)
 ParOldGen       total 2056704K, used 2030718K [0x00000004c0000000, 0x000000053d880000, 0x00000006c0000000)
  object space 2056704K, 98% used [0x00000004c0000000,0x000000053bf1fb10,0x000000053d880000)
 Metaspace       used 60092K, capacity 61186K, committed 61312K, reserved 1105920K
  class space    used 5426K, capacity 5717K, committed 5760K, reserved 1048576K
}
Event: 267.137 GC heap before
{Heap before GC invocations=235 (full 16):
 PSYoungGen      total 1700352K, used 903420K [0x00000006c0000000, 0x000000077cb00000, 0x00000007c0000000)
  eden space 479232K, 0% used [0x00000006c0000000,0x00000006c0000000,0x00000006dd400000)
  from space 1221120K, 73% used [0x00000006dd400000,0x000000071463f060,0x0000000727c80000)
  to   space 1277952K, 0% used [0x000000072eb00000,0x000000072eb00000,0x000000077cb00000)
 ParOldGen       total 2056704K, used 2030718K [0x00000004c0000000, 0x000000053d880000, 0x00000006c0000000)
  object space 2056704K, 98% used [0x00000004c0000000,0x000000053bf1fb10,0x000000053d880000)
 Metaspace       used 60092K, capacity 61186K, committed 61312K, reserved 1105920K
  class space    used 5426K, capacity 5717K, committed 5760K, reserved 1048576K

